{"level":"info","message":"Connected to Redis","service":"secure-auth-api","timestamp":"2025-09-11T09:23:48.267Z"}
{"level":"info","message":"Database connection established","service":"secure-auth-api","timestamp":"2025-09-11T09:24:01.783Z"}
{"level":"info","message":"Default roles initialized","service":"secure-auth-api","timestamp":"2025-09-11T09:24:04.679Z"}
{"level":"info","message":"Connected to Redis","service":"secure-auth-api","timestamp":"2025-09-11T09:24:38.896Z"}
{"level":"info","message":"Database connection established","service":"secure-auth-api","timestamp":"2025-09-11T09:24:41.422Z"}
{"level":"info","message":"Default roles initialized","service":"secure-auth-api","timestamp":"2025-09-11T09:24:44.410Z"}
{"level":"info","message":"Connected to Redis","service":"secure-auth-api","timestamp":"2025-09-11T09:27:24.381Z"}
{"level":"info","message":"Database connection established","service":"secure-auth-api","timestamp":"2025-09-11T09:27:26.292Z"}
{"level":"info","message":"Default roles initialized","service":"secure-auth-api","timestamp":"2025-09-11T09:27:29.373Z"}
{"level":"info","message":"Connected to Redis","service":"secure-auth-api","timestamp":"2025-09-11T09:29:39.514Z"}
{"level":"info","message":"Database connection established","service":"secure-auth-api","timestamp":"2025-09-11T09:29:41.773Z"}
{"level":"info","message":"Connected to Redis","service":"secure-auth-api","timestamp":"2025-09-11T09:29:56.722Z"}
{"level":"info","message":"Database connection established","service":"secure-auth-api","timestamp":"2025-09-11T09:29:58.810Z"}
{"level":"info","message":"Default roles initialized","service":"secure-auth-api","timestamp":"2025-09-11T09:30:01.336Z"}
{"level":"info","message":"Connected to Redis","service":"secure-auth-api","timestamp":"2025-09-11T09:30:12.685Z"}
{"level":"info","message":"Connected to Redis","service":"secure-auth-api","timestamp":"2025-09-11T09:30:18.388Z"}
{"level":"info","message":"Connected to Redis","service":"secure-auth-api","timestamp":"2025-09-11T09:30:25.422Z"}
{"level":"info","message":"Database connection established","service":"secure-auth-api","timestamp":"2025-09-11T09:30:29.003Z"}
{"level":"info","message":"Default roles initialized","service":"secure-auth-api","timestamp":"2025-09-11T09:30:31.540Z"}
{"level":"info","message":"Connected to Redis","service":"secure-auth-api","timestamp":"2025-09-11T09:30:54.471Z"}
{"level":"info","message":"Database connection established","service":"secure-auth-api","timestamp":"2025-09-11T09:30:57.197Z"}
{"level":"info","message":"Default roles initialized","service":"secure-auth-api","timestamp":"2025-09-11T09:30:59.668Z"}
{"level":"info","message":"Connected to Redis","service":"secure-auth-api","timestamp":"2025-09-11T09:31:17.755Z"}
{"level":"info","message":"Connected to Redis","service":"secure-auth-api","timestamp":"2025-09-11T09:31:37.666Z"}
{"level":"info","message":"Database connection established","service":"secure-auth-api","timestamp":"2025-09-11T09:31:40.683Z"}
{"level":"info","message":"Default roles initialized","service":"secure-auth-api","timestamp":"2025-09-11T09:31:43.639Z"}
{"level":"info","message":"Server running on port 3001","service":"secure-auth-api","timestamp":"2025-09-11T09:31:43.652Z"}
{"level":"info","message":"API version: v1","service":"secure-auth-api","timestamp":"2025-09-11T09:31:43.653Z"}
{"level":"info","message":"Environment: development","service":"secure-auth-api","timestamp":"2025-09-11T09:31:43.653Z"}
{"level":"info","message":"Connected to Redis","service":"secure-auth-api","timestamp":"2025-09-11T09:31:57.823Z"}
{"level":"info","message":"Database connection established","service":"secure-auth-api","timestamp":"2025-09-11T09:32:01.048Z"}
{"level":"info","message":"Connected to Redis","service":"secure-auth-api","timestamp":"2025-09-11T09:32:07.319Z"}
{"level":"info","message":"Database connection established","service":"secure-auth-api","timestamp":"2025-09-11T09:32:09.654Z"}
{"level":"info","message":"Connected to Redis","service":"secure-auth-api","timestamp":"2025-09-11T09:32:20.121Z"}
{"level":"info","message":"Database connection established","service":"secure-auth-api","timestamp":"2025-09-11T09:32:22.481Z"}
{"level":"info","message":"Default roles initialized","service":"secure-auth-api","timestamp":"2025-09-11T09:32:25.311Z"}
{"level":"info","message":"Server running on port 3001","service":"secure-auth-api","timestamp":"2025-09-11T09:32:25.330Z"}
{"level":"info","message":"API version: v1","service":"secure-auth-api","timestamp":"2025-09-11T09:32:25.331Z"}
{"level":"info","message":"Environment: development","service":"secure-auth-api","timestamp":"2025-09-11T09:32:25.332Z"}
{"level":"info","message":"Connected to Redis","service":"secure-auth-api","timestamp":"2025-09-11T09:32:43.526Z"}
{"level":"info","message":"Database connection established","service":"secure-auth-api","timestamp":"2025-09-11T09:32:46.216Z"}
{"level":"info","message":"Default roles initialized","service":"secure-auth-api","timestamp":"2025-09-11T09:32:48.760Z"}
{"level":"info","message":"Server running on port 3001","service":"secure-auth-api","timestamp":"2025-09-11T09:32:48.779Z"}
{"level":"info","message":"API version: v1","service":"secure-auth-api","timestamp":"2025-09-11T09:32:48.781Z"}
{"level":"info","message":"Environment: development","service":"secure-auth-api","timestamp":"2025-09-11T09:32:48.782Z"}
{"level":"info","message":"Connected to Redis","service":"secure-auth-api","timestamp":"2025-09-11T09:36:24.981Z"}
{"level":"info","message":"Database connection established","service":"secure-auth-api","timestamp":"2025-09-11T09:36:29.458Z"}
{"level":"info","message":"Default roles initialized","service":"secure-auth-api","timestamp":"2025-09-11T09:36:32.400Z"}
{"level":"info","message":"Server running on port 3001","service":"secure-auth-api","timestamp":"2025-09-11T09:36:32.423Z"}
{"level":"info","message":"API version: v1","service":"secure-auth-api","timestamp":"2025-09-11T09:36:32.425Z"}
{"level":"info","message":"Environment: development","service":"secure-auth-api","timestamp":"2025-09-11T09:36:32.428Z"}
{"level":"info","message":"Connected to Redis","service":"secure-auth-api","timestamp":"2025-09-11T09:40:42.001Z"}
{"level":"info","message":"Database connection established","service":"secure-auth-api","timestamp":"2025-09-11T09:40:44.489Z"}
{"level":"info","message":"Default roles initialized","service":"secure-auth-api","timestamp":"2025-09-11T09:40:47.536Z"}
{"level":"info","message":"Server running on port 3001","service":"secure-auth-api","timestamp":"2025-09-11T09:40:47.560Z"}
{"level":"info","message":"API version: v1","service":"secure-auth-api","timestamp":"2025-09-11T09:40:47.565Z"}
{"level":"info","message":"Environment: development","service":"secure-auth-api","timestamp":"2025-09-11T09:40:47.567Z"}
{"level":"info","message":"Connected to Redis","service":"secure-auth-api","timestamp":"2025-09-11T09:41:40.982Z"}
{"level":"info","message":"Database connection established","service":"secure-auth-api","timestamp":"2025-09-11T09:41:43.676Z"}
{"level":"info","message":"Default roles initialized","service":"secure-auth-api","timestamp":"2025-09-11T09:41:46.772Z"}
{"level":"info","message":"Server running on port 3001","service":"secure-auth-api","timestamp":"2025-09-11T09:41:46.792Z"}
{"level":"info","message":"API version: v1","service":"secure-auth-api","timestamp":"2025-09-11T09:41:46.793Z"}
{"level":"info","message":"Environment: development","service":"secure-auth-api","timestamp":"2025-09-11T09:41:46.794Z"}
{"level":"info","message":"Connected to Redis","service":"secure-auth-api","timestamp":"2025-09-11T09:42:22.132Z"}
{"level":"info","message":"Database connection established","service":"secure-auth-api","timestamp":"2025-09-11T09:42:26.332Z"}
{"level":"info","message":"Default roles initialized","service":"secure-auth-api","timestamp":"2025-09-11T09:42:28.953Z"}
{"level":"info","message":"Server running on port 3001","service":"secure-auth-api","timestamp":"2025-09-11T09:42:28.986Z"}
{"level":"info","message":"API version: v1","service":"secure-auth-api","timestamp":"2025-09-11T09:42:28.992Z"}
{"level":"info","message":"Environment: development","service":"secure-auth-api","timestamp":"2025-09-11T09:42:29.003Z"}
{"level":"info","message":"Connected to Redis","service":"secure-auth-api","timestamp":"2025-09-11T09:44:10.367Z"}
{"level":"info","message":"Database connection established","service":"secure-auth-api","timestamp":"2025-09-11T09:44:13.934Z"}
{"level":"info","message":"Default roles initialized","service":"secure-auth-api","timestamp":"2025-09-11T09:44:16.475Z"}
{"level":"info","message":"Server running on port 3001","service":"secure-auth-api","timestamp":"2025-09-11T09:44:16.502Z"}
{"level":"info","message":"API version: v1","service":"secure-auth-api","timestamp":"2025-09-11T09:44:16.503Z"}
{"level":"info","message":"Environment: development","service":"secure-auth-api","timestamp":"2025-09-11T09:44:16.505Z"}
{"level":"info","message":"Connected to Redis","service":"secure-auth-api","timestamp":"2025-09-11T09:46:04.078Z"}
{"level":"info","message":"Database connection established","service":"secure-auth-api","timestamp":"2025-09-11T09:46:07.806Z"}
{"level":"info","message":"Default roles initialized","service":"secure-auth-api","timestamp":"2025-09-11T09:46:10.856Z"}
{"level":"info","message":"Server running on port 3001","service":"secure-auth-api","timestamp":"2025-09-11T09:46:10.885Z"}
{"level":"info","message":"API version: v1","service":"secure-auth-api","timestamp":"2025-09-11T09:46:10.889Z"}
{"level":"info","message":"Environment: development","service":"secure-auth-api","timestamp":"2025-09-11T09:46:10.893Z"}
{"level":"info","message":"Connected to Redis","service":"secure-auth-api","timestamp":"2025-09-11T09:46:29.180Z"}
{"level":"info","message":"Database connection established","service":"secure-auth-api","timestamp":"2025-09-11T09:46:31.281Z"}
{"level":"info","message":"Default roles initialized","service":"secure-auth-api","timestamp":"2025-09-11T09:46:33.937Z"}
{"level":"info","message":"Server running on port 3001","service":"secure-auth-api","timestamp":"2025-09-11T09:46:33.966Z"}
{"level":"info","message":"API version: v1","service":"secure-auth-api","timestamp":"2025-09-11T09:46:33.969Z"}
{"level":"info","message":"Environment: development","service":"secure-auth-api","timestamp":"2025-09-11T09:46:33.974Z"}
{"codePrefix":"auth","errorInfo":{"code":"auth/invalid-phone-number","message":"The phone number must be a non-empty E.164 standard compliant identifier string."},"level":"error","message":"Registration error: The phone number must be a non-empty E.164 standard compliant identifier string.","service":"secure-auth-api","stack":"Error: The phone number must be a non-empty E.164 standard compliant identifier string.\n    at validateCreateEditRequest (C:\\Users\\ADMIN\\Documents\\PNPM\\nodejs-nextjs-firebase\\server\\node_modules\\.pnpm\\firebase-admin@13.5.0\\node_modules\\firebase-admin\\lib\\auth\\auth-api-request.js:357:15)\n    at C:\\Users\\ADMIN\\Documents\\PNPM\\nodejs-nextjs-firebase\\server\\node_modules\\.pnpm\\firebase-admin@13.5.0\\node_modules\\firebase-admin\\lib\\auth\\auth-api-request.js:650:5\n    at C:\\Users\\ADMIN\\Documents\\PNPM\\nodejs-nextjs-firebase\\server\\node_modules\\.pnpm\\firebase-admin@13.5.0\\node_modules\\firebase-admin\\lib\\auth\\auth-api-request.js:1601:17\n    at process.processTicksAndRejections (node:internal/process/task_queues:105:5)\n    at async AuthService.register (C:\\Users\\ADMIN\\Documents\\PNPM\\nodejs-nextjs-firebase\\server\\src\\services\\auth.service.ts:29:26)\n    at async register (C:\\Users\\ADMIN\\Documents\\PNPM\\nodejs-nextjs-firebase\\server\\src\\controllers\\auth.controller.ts:51:22)","timestamp":"2025-09-11T09:48:54.954Z"}
{"level":"error","message":"Registration controller error: Registration failed","service":"secure-auth-api","stack":"Error: Registration failed\n    at AuthService.register (C:\\Users\\ADMIN\\Documents\\PNPM\\nodejs-nextjs-firebase\\server\\src\\services\\auth.service.ts:78:13)\n    at process.processTicksAndRejections (node:internal/process/task_queues:105:5)\n    at async register (C:\\Users\\ADMIN\\Documents\\PNPM\\nodejs-nextjs-firebase\\server\\src\\controllers\\auth.controller.ts:51:22)","timestamp":"2025-09-11T09:48:54.956Z"}
{"duration":61,"ip":"::1","level":"info","message":"Request completed","method":"POST","service":"secure-auth-api","statusCode":400,"timestamp":"2025-09-11T09:48:54.966Z","url":"/register","userAgent":"Mozilla/5.0 (Windows NT 10.0; Win64; x64) AppleWebKit/537.36 (KHTML, like Gecko) Chrome/139.0.0.0 Safari/537.36"}
{"level":"info","message":"Connected to Redis","service":"secure-auth-api","timestamp":"2025-09-11T09:51:34.483Z"}
{"level":"info","message":"Database connection established","service":"secure-auth-api","timestamp":"2025-09-11T09:51:38.129Z"}
{"level":"info","message":"Default roles initialized","service":"secure-auth-api","timestamp":"2025-09-11T09:51:40.990Z"}
{"level":"info","message":"Server running on port 3001","service":"secure-auth-api","timestamp":"2025-09-11T09:51:41.014Z"}
{"level":"info","message":"API version: v1","service":"secure-auth-api","timestamp":"2025-09-11T09:51:41.015Z"}
{"level":"info","message":"Environment: development","service":"secure-auth-api","timestamp":"2025-09-11T09:51:41.020Z"}
{"level":"info","message":"Connected to Redis","service":"secure-auth-api","timestamp":"2025-09-11T09:52:33.054Z"}
{"level":"info","message":"Database connection established","service":"secure-auth-api","timestamp":"2025-09-11T09:52:36.307Z"}
{"level":"info","message":"Default roles initialized","service":"secure-auth-api","timestamp":"2025-09-11T09:52:38.947Z"}
{"level":"info","message":"Server running on port 3001","service":"secure-auth-api","timestamp":"2025-09-11T09:52:38.974Z"}
{"level":"info","message":"API version: v1","service":"secure-auth-api","timestamp":"2025-09-11T09:52:39.000Z"}
{"level":"info","message":"Environment: development","service":"secure-auth-api","timestamp":"2025-09-11T09:52:39.010Z"}
{"codePrefix":"auth","errorInfo":{"code":"auth/invalid-phone-number","message":"The phone number must be a non-empty E.164 standard compliant identifier string."},"level":"error","message":"Registration error: The phone number must be a non-empty E.164 standard compliant identifier string.","service":"secure-auth-api","stack":"Error: The phone number must be a non-empty E.164 standard compliant identifier string.\n    at validateCreateEditRequest (C:\\Users\\ADMIN\\Documents\\PNPM\\nodejs-nextjs-firebase\\server\\node_modules\\.pnpm\\firebase-admin@13.5.0\\node_modules\\firebase-admin\\lib\\auth\\auth-api-request.js:357:15)\n    at C:\\Users\\ADMIN\\Documents\\PNPM\\nodejs-nextjs-firebase\\server\\node_modules\\.pnpm\\firebase-admin@13.5.0\\node_modules\\firebase-admin\\lib\\auth\\auth-api-request.js:650:5\n    at C:\\Users\\ADMIN\\Documents\\PNPM\\nodejs-nextjs-firebase\\server\\node_modules\\.pnpm\\firebase-admin@13.5.0\\node_modules\\firebase-admin\\lib\\auth\\auth-api-request.js:1601:17\n    at process.processTicksAndRejections (node:internal/process/task_queues:105:5)\n    at async AuthService.register (C:\\Users\\ADMIN\\Documents\\PNPM\\nodejs-nextjs-firebase\\server\\src\\services\\auth.service.ts:29:26)\n    at async register (C:\\Users\\ADMIN\\Documents\\PNPM\\nodejs-nextjs-firebase\\server\\src\\controllers\\auth.controller.ts:51:22)","timestamp":"2025-09-11T09:55:59.656Z"}
{"level":"error","message":"Registration controller error: Registration failed","service":"secure-auth-api","stack":"Error: Registration failed\n    at AuthService.register (C:\\Users\\ADMIN\\Documents\\PNPM\\nodejs-nextjs-firebase\\server\\src\\services\\auth.service.ts:78:13)\n    at process.processTicksAndRejections (node:internal/process/task_queues:105:5)\n    at async register (C:\\Users\\ADMIN\\Documents\\PNPM\\nodejs-nextjs-firebase\\server\\src\\controllers\\auth.controller.ts:51:22)","timestamp":"2025-09-11T09:55:59.658Z"}
{"duration":27,"ip":"::1","level":"info","message":"Request completed","method":"POST","service":"secure-auth-api","statusCode":400,"timestamp":"2025-09-11T09:55:59.662Z","url":"/register","userAgent":"Mozilla/5.0 (Windows NT 10.0; Win64; x64) AppleWebKit/537.36 (KHTML, like Gecko) Chrome/139.0.0.0 Safari/537.36"}
{"level":"info","message":"Connected to Redis","service":"secure-auth-api","timestamp":"2025-09-11T09:57:09.320Z"}
{"level":"info","message":"Database connection established","service":"secure-auth-api","timestamp":"2025-09-11T09:57:12.680Z"}
{"level":"info","message":"Default roles initialized","service":"secure-auth-api","timestamp":"2025-09-11T09:57:15.238Z"}
{"level":"info","message":"Server running on port 3001","service":"secure-auth-api","timestamp":"2025-09-11T09:57:15.261Z"}
{"level":"info","message":"API version: v1","service":"secure-auth-api","timestamp":"2025-09-11T09:57:15.265Z"}
{"level":"info","message":"Environment: development","service":"secure-auth-api","timestamp":"2025-09-11T09:57:15.276Z"}
{"codePrefix":"auth","errorInfo":{"code":"auth/invalid-phone-number","message":"The phone number must be a non-empty E.164 standard compliant identifier string."},"level":"error","message":"Registration error: The phone number must be a non-empty E.164 standard compliant identifier string.","service":"secure-auth-api","stack":"Error: The phone number must be a non-empty E.164 standard compliant identifier string.\n    at validateCreateEditRequest (C:\\Users\\ADMIN\\Documents\\PNPM\\nodejs-nextjs-firebase\\server\\node_modules\\.pnpm\\firebase-admin@13.5.0\\node_modules\\firebase-admin\\lib\\auth\\auth-api-request.js:357:15)\n    at C:\\Users\\ADMIN\\Documents\\PNPM\\nodejs-nextjs-firebase\\server\\node_modules\\.pnpm\\firebase-admin@13.5.0\\node_modules\\firebase-admin\\lib\\auth\\auth-api-request.js:650:5\n    at C:\\Users\\ADMIN\\Documents\\PNPM\\nodejs-nextjs-firebase\\server\\node_modules\\.pnpm\\firebase-admin@13.5.0\\node_modules\\firebase-admin\\lib\\auth\\auth-api-request.js:1601:17\n    at process.processTicksAndRejections (node:internal/process/task_queues:105:5)\n    at async AuthService.register (C:\\Users\\ADMIN\\Documents\\PNPM\\nodejs-nextjs-firebase\\server\\src\\services\\auth.service.ts:29:26)\n    at async register (C:\\Users\\ADMIN\\Documents\\PNPM\\nodejs-nextjs-firebase\\server\\src\\controllers\\auth.controller.ts:52:22)","timestamp":"2025-09-11T09:57:38.094Z"}
{"level":"error","message":"Registration controller error: Registration failed","service":"secure-auth-api","stack":"Error: Registration failed\n    at AuthService.register (C:\\Users\\ADMIN\\Documents\\PNPM\\nodejs-nextjs-firebase\\server\\src\\services\\auth.service.ts:78:13)\n    at process.processTicksAndRejections (node:internal/process/task_queues:105:5)\n    at async register (C:\\Users\\ADMIN\\Documents\\PNPM\\nodejs-nextjs-firebase\\server\\src\\controllers\\auth.controller.ts:52:22)","timestamp":"2025-09-11T09:57:38.097Z"}
{"duration":63,"ip":"::1","level":"info","message":"Request completed","method":"POST","service":"secure-auth-api","statusCode":400,"timestamp":"2025-09-11T09:57:38.109Z","url":"/register","userAgent":"Mozilla/5.0 (Windows NT 10.0; Win64; x64) AppleWebKit/537.36 (KHTML, like Gecko) Chrome/139.0.0.0 Safari/537.36"}
{"level":"error","message":"Registration error: import_redis.redisClient.setex is not a function","service":"secure-auth-api","stack":"TypeError: import_redis.redisClient.setex is not a function\n    at AuthService.generateTokens (C:\\Users\\ADMIN\\Documents\\PNPM\\nodejs-nextjs-firebase\\server\\src\\services\\auth.service.ts:298:23)\n    at async AuthService.register (C:\\Users\\ADMIN\\Documents\\PNPM\\nodejs-nextjs-firebase\\server\\src\\services\\auth.service.ts:62:22)\n    at async register (C:\\Users\\ADMIN\\Documents\\PNPM\\nodejs-nextjs-firebase\\server\\src\\controllers\\auth.controller.ts:52:22)","timestamp":"2025-09-11T10:05:48.034Z"}
{"level":"error","message":"Registration controller error: Registration failed","service":"secure-auth-api","stack":"Error: Registration failed\n    at AuthService.register (C:\\Users\\ADMIN\\Documents\\PNPM\\nodejs-nextjs-firebase\\server\\src\\services\\auth.service.ts:78:13)\n    at async register (C:\\Users\\ADMIN\\Documents\\PNPM\\nodejs-nextjs-firebase\\server\\src\\controllers\\auth.controller.ts:52:22)","timestamp":"2025-09-11T10:05:48.037Z"}
{"duration":3388,"ip":"::1","level":"info","message":"Request completed","method":"POST","service":"secure-auth-api","statusCode":400,"timestamp":"2025-09-11T10:05:48.040Z","url":"/register","userAgent":"Mozilla/5.0 (Windows NT 10.0; Win64; x64) AppleWebKit/537.36 (KHTML, like Gecko) Chrome/139.0.0.0 Safari/537.36"}
{"level":"info","message":"Connected to Redis","service":"secure-auth-api","timestamp":"2025-09-11T10:07:32.094Z"}
{"level":"info","message":"Database connection established","service":"secure-auth-api","timestamp":"2025-09-11T10:07:34.446Z"}
{"level":"info","message":"Default roles initialized","service":"secure-auth-api","timestamp":"2025-09-11T10:07:37.299Z"}
{"level":"info","message":"Server running on port 3001","service":"secure-auth-api","timestamp":"2025-09-11T10:07:37.333Z"}
{"level":"info","message":"API version: v1","service":"secure-auth-api","timestamp":"2025-09-11T10:07:37.335Z"}
{"level":"info","message":"Environment: development","service":"secure-auth-api","timestamp":"2025-09-11T10:07:37.336Z"}
{"level":"info","message":"Connected to Redis","service":"secure-auth-api","timestamp":"2025-09-11T10:08:22.612Z"}
{"level":"info","message":"Database connection established","service":"secure-auth-api","timestamp":"2025-09-11T10:08:24.988Z"}
{"level":"info","message":"Default roles initialized","service":"secure-auth-api","timestamp":"2025-09-11T10:08:27.673Z"}
{"level":"info","message":"Server running on port 3001","service":"secure-auth-api","timestamp":"2025-09-11T10:08:27.696Z"}
{"level":"info","message":"API version: v1","service":"secure-auth-api","timestamp":"2025-09-11T10:08:27.698Z"}
{"level":"info","message":"Environment: development","service":"secure-auth-api","timestamp":"2025-09-11T10:08:27.700Z"}
{"level":"info","message":"Connected to Redis","service":"secure-auth-api","timestamp":"2025-09-11T10:09:45.053Z"}
{"level":"info","message":"Database connection established","service":"secure-auth-api","timestamp":"2025-09-11T10:09:47.980Z"}
{"level":"info","message":"Default roles initialized","service":"secure-auth-api","timestamp":"2025-09-11T10:09:51.030Z"}
{"level":"info","message":"Server running on port 3001","service":"secure-auth-api","timestamp":"2025-09-11T10:09:51.046Z"}
{"level":"info","message":"API version: v1","service":"secure-auth-api","timestamp":"2025-09-11T10:09:51.047Z"}
{"level":"info","message":"Environment: development","service":"secure-auth-api","timestamp":"2025-09-11T10:09:51.049Z"}
{"level":"info","message":"Connected to Redis","service":"secure-auth-api","timestamp":"2025-09-11T10:11:53.817Z"}
{"level":"info","message":"Database connection established","service":"secure-auth-api","timestamp":"2025-09-11T10:11:56.434Z"}
{"level":"info","message":"Default roles initialized","service":"secure-auth-api","timestamp":"2025-09-11T10:11:59.700Z"}
{"level":"info","message":"Server running on port 3001","service":"secure-auth-api","timestamp":"2025-09-11T10:11:59.750Z"}
{"level":"info","message":"API version: v1","service":"secure-auth-api","timestamp":"2025-09-11T10:11:59.755Z"}
{"level":"info","message":"Environment: development","service":"secure-auth-api","timestamp":"2025-09-11T10:11:59.764Z"}
{"codePrefix":"auth","errorInfo":{"code":"auth/email-already-exists","message":"The email address is already in use by another account."},"level":"error","message":"Registration error: The email address is already in use by another account.","service":"secure-auth-api","stack":"Error: The email address is already in use by another account.\n    at FirebaseAuthError.fromServerError (C:\\Users\\ADMIN\\Documents\\PNPM\\nodejs-nextjs-firebase\\server\\node_modules\\.pnpm\\firebase-admin@13.5.0\\node_modules\\firebase-admin\\lib\\utils\\error.js:148:16)\n    at C:\\Users\\ADMIN\\Documents\\PNPM\\nodejs-nextjs-firebase\\server\\node_modules\\.pnpm\\firebase-admin@13.5.0\\node_modules\\firebase-admin\\lib\\auth\\auth-api-request.js:1629:49\n    at process.processTicksAndRejections (node:internal/process/task_queues:105:5)\n    at async AuthService.register (C:\\Users\\ADMIN\\Documents\\PNPM\\nodejs-nextjs-firebase\\server\\src\\services\\auth.service.ts:33:26)\n    at async register (C:\\Users\\ADMIN\\Documents\\PNPM\\nodejs-nextjs-firebase\\server\\src\\controllers\\auth.controller.ts:52:22)","timestamp":"2025-09-11T10:12:53.680Z"}
{"level":"error","message":"Registration controller error: Registration failed","service":"secure-auth-api","stack":"Error: Registration failed\n    at AuthService.register (C:\\Users\\ADMIN\\Documents\\PNPM\\nodejs-nextjs-firebase\\server\\src\\services\\auth.service.ts:84:13)\n    at process.processTicksAndRejections (node:internal/process/task_queues:105:5)\n    at async register (C:\\Users\\ADMIN\\Documents\\PNPM\\nodejs-nextjs-firebase\\server\\src\\controllers\\auth.controller.ts:52:22)","timestamp":"2025-09-11T10:12:53.682Z"}
{"duration":1817,"ip":"::1","level":"info","message":"Request completed","method":"POST","service":"secure-auth-api","statusCode":400,"timestamp":"2025-09-11T10:12:53.688Z","url":"/register","userAgent":"Mozilla/5.0 (Windows NT 10.0; Win64; x64) AppleWebKit/537.36 (KHTML, like Gecko) Chrome/139.0.0.0 Safari/537.36"}
{"codePrefix":"auth","errorInfo":{"code":"auth/invalid-phone-number","message":"The phone number must be a non-empty E.164 standard compliant identifier string."},"level":"error","message":"Registration error: The phone number must be a non-empty E.164 standard compliant identifier string.","service":"secure-auth-api","stack":"Error: The phone number must be a non-empty E.164 standard compliant identifier string.\n    at validateCreateEditRequest (C:\\Users\\ADMIN\\Documents\\PNPM\\nodejs-nextjs-firebase\\server\\node_modules\\.pnpm\\firebase-admin@13.5.0\\node_modules\\firebase-admin\\lib\\auth\\auth-api-request.js:357:15)\n    at C:\\Users\\ADMIN\\Documents\\PNPM\\nodejs-nextjs-firebase\\server\\node_modules\\.pnpm\\firebase-admin@13.5.0\\node_modules\\firebase-admin\\lib\\auth\\auth-api-request.js:650:5\n    at C:\\Users\\ADMIN\\Documents\\PNPM\\nodejs-nextjs-firebase\\server\\node_modules\\.pnpm\\firebase-admin@13.5.0\\node_modules\\firebase-admin\\lib\\auth\\auth-api-request.js:1601:17\n    at process.processTicksAndRejections (node:internal/process/task_queues:105:5)\n    at async AuthService.register (C:\\Users\\ADMIN\\Documents\\PNPM\\nodejs-nextjs-firebase\\server\\src\\services\\auth.service.ts:33:26)\n    at async register (C:\\Users\\ADMIN\\Documents\\PNPM\\nodejs-nextjs-firebase\\server\\src\\controllers\\auth.controller.ts:52:22)","timestamp":"2025-09-11T10:19:06.857Z"}
{"level":"error","message":"Registration controller error: Registration failed","service":"secure-auth-api","stack":"Error: Registration failed\n    at AuthService.register (C:\\Users\\ADMIN\\Documents\\PNPM\\nodejs-nextjs-firebase\\server\\src\\services\\auth.service.ts:84:13)\n    at process.processTicksAndRejections (node:internal/process/task_queues:105:5)\n    at async register (C:\\Users\\ADMIN\\Documents\\PNPM\\nodejs-nextjs-firebase\\server\\src\\controllers\\auth.controller.ts:52:22)","timestamp":"2025-09-11T10:19:06.860Z"}
{"duration":17,"ip":"::1","level":"info","message":"Request completed","method":"POST","service":"secure-auth-api","statusCode":400,"timestamp":"2025-09-11T10:19:06.861Z","url":"/register","userAgent":"Mozilla/5.0 (Windows NT 10.0; Win64; x64) AppleWebKit/537.36 (KHTML, like Gecko) Chrome/139.0.0.0 Safari/537.36"}
{"level":"info","message":"Connected to Redis","service":"secure-auth-api","timestamp":"2025-09-11T10:21:18.204Z"}
{"level":"info","message":"Database connection established","service":"secure-auth-api","timestamp":"2025-09-11T10:21:21.803Z"}
{"level":"info","message":"Default roles initialized","service":"secure-auth-api","timestamp":"2025-09-11T10:21:24.458Z"}
{"level":"info","message":"Server running on port 3001","service":"secure-auth-api","timestamp":"2025-09-11T10:21:24.480Z"}
{"level":"info","message":"API version: v1","service":"secure-auth-api","timestamp":"2025-09-11T10:21:24.482Z"}
{"level":"info","message":"Environment: development","service":"secure-auth-api","timestamp":"2025-09-11T10:21:24.483Z"}
{"codePrefix":"auth","errorInfo":{"code":"auth/invalid-phone-number","message":"The phone number must be a non-empty E.164 standard compliant identifier string."},"level":"error","message":"Registration error: The phone number must be a non-empty E.164 standard compliant identifier string.","service":"secure-auth-api","stack":"Error: The phone number must be a non-empty E.164 standard compliant identifier string.\n    at validateCreateEditRequest (C:\\Users\\ADMIN\\Documents\\PNPM\\nodejs-nextjs-firebase\\server\\node_modules\\.pnpm\\firebase-admin@13.5.0\\node_modules\\firebase-admin\\lib\\auth\\auth-api-request.js:357:15)\n    at C:\\Users\\ADMIN\\Documents\\PNPM\\nodejs-nextjs-firebase\\server\\node_modules\\.pnpm\\firebase-admin@13.5.0\\node_modules\\firebase-admin\\lib\\auth\\auth-api-request.js:650:5\n    at C:\\Users\\ADMIN\\Documents\\PNPM\\nodejs-nextjs-firebase\\server\\node_modules\\.pnpm\\firebase-admin@13.5.0\\node_modules\\firebase-admin\\lib\\auth\\auth-api-request.js:1601:17\n    at process.processTicksAndRejections (node:internal/process/task_queues:105:5)\n    at async AuthService.register (C:\\Users\\ADMIN\\Documents\\PNPM\\nodejs-nextjs-firebase\\server\\src\\services\\auth.service.ts:33:26)\n    at async register (C:\\Users\\ADMIN\\Documents\\PNPM\\nodejs-nextjs-firebase\\server\\src\\controllers\\auth.controller.ts:52:22)","timestamp":"2025-09-11T10:21:54.481Z"}
{"level":"error","message":"Registration controller error: Registration failed: Error: The phone number must be a non-empty E.164 standard compliant identifier string.","service":"secure-auth-api","stack":"Error: Registration failed: Error: The phone number must be a non-empty E.164 standard compliant identifier string.\n    at AuthService.register (C:\\Users\\ADMIN\\Documents\\PNPM\\nodejs-nextjs-firebase\\server\\src\\services\\auth.service.ts:84:13)\n    at process.processTicksAndRejections (node:internal/process/task_queues:105:5)\n    at async register (C:\\Users\\ADMIN\\Documents\\PNPM\\nodejs-nextjs-firebase\\server\\src\\controllers\\auth.controller.ts:52:22)","timestamp":"2025-09-11T10:21:54.483Z"}
{"duration":43,"ip":"::1","level":"info","message":"Request completed","method":"POST","service":"secure-auth-api","statusCode":400,"timestamp":"2025-09-11T10:21:54.489Z","url":"/register","userAgent":"Mozilla/5.0 (Windows NT 10.0; Win64; x64) AppleWebKit/537.36 (KHTML, like Gecko) Chrome/139.0.0.0 Safari/537.36"}
{"level":"error","message":"Failed to create audit log: Value for argument \"data\" is not a valid Firestore document. Cannot use \"undefined\" as a Firestore value (found in field \"resourceId\"). If you want to ignore undefined values, enable `ignoreUndefinedProperties`.","service":"secure-auth-api","stack":"Error: Value for argument \"data\" is not a valid Firestore document. Cannot use \"undefined\" as a Firestore value (found in field \"resourceId\"). If you want to ignore undefined values, enable `ignoreUndefinedProperties`.\n    at validateUserInput (C:\\Users\\ADMIN\\Documents\\PNPM\\nodejs-nextjs-firebase\\server\\node_modules\\.pnpm\\@google-cloud+firestore@7.11.3\\node_modules\\@google-cloud\\firestore\\build\\src\\serializer.js:383:19)\n    at validateUserInput (C:\\Users\\ADMIN\\Documents\\PNPM\\nodejs-nextjs-firebase\\server\\node_modules\\.pnpm\\@google-cloud+firestore@7.11.3\\node_modules\\@google-cloud\\firestore\\build\\src\\serializer.js:375:13)\n    at validateDocumentData (C:\\Users\\ADMIN\\Documents\\PNPM\\nodejs-nextjs-firebase\\server\\node_modules\\.pnpm\\@google-cloud+firestore@7.11.3\\node_modules\\@google-cloud\\firestore\\build\\src\\write-batch.js:609:40)\n    at C:\\Users\\ADMIN\\Documents\\PNPM\\nodejs-nextjs-firebase\\server\\node_modules\\.pnpm\\@google-cloud+firestore@7.11.3\\node_modules\\@google-cloud\\firestore\\build\\src\\reference\\collection-reference.js:214:52\n    at C:\\Users\\ADMIN\\Documents\\PNPM\\nodejs-nextjs-firebase\\server\\node_modules\\.pnpm\\@google-cloud+firestore@7.11.3\\node_modules\\@google-cloud\\firestore\\build\\src\\telemetry\\enabled-trace-util.js:110:30\n    at NoopContextManager.with (C:\\Users\\ADMIN\\Documents\\PNPM\\nodejs-nextjs-firebase\\server\\node_modules\\.pnpm\\@opentelemetry+api@1.9.0\\node_modules\\@opentelemetry\\api\\src\\context\\NoopContextManager.ts:31:15)\n    at ContextAPI.with (C:\\Users\\ADMIN\\Documents\\PNPM\\nodejs-nextjs-firebase\\server\\node_modules\\.pnpm\\@opentelemetry+api@1.9.0\\node_modules\\@opentelemetry\\api\\src\\api\\context.ts:77:42)\n    at NoopTracer.startActiveSpan (C:\\Users\\ADMIN\\Documents\\PNPM\\nodejs-nextjs-firebase\\server\\node_modules\\.pnpm\\@opentelemetry+api@1.9.0\\node_modules\\@opentelemetry\\api\\src\\trace\\NoopTracer.ts:98:27)\n    at ProxyTracer.startActiveSpan (C:\\Users\\ADMIN\\Documents\\PNPM\\nodejs-nextjs-firebase\\server\\node_modules\\.pnpm\\@opentelemetry+api@1.9.0\\node_modules\\@opentelemetry\\api\\src\\trace\\ProxyTracer.ts:51:20)\n    at EnabledTraceUtil.startActiveSpan (C:\\Users\\ADMIN\\Documents\\PNPM\\nodejs-nextjs-firebase\\server\\node_modules\\.pnpm\\@google-cloud+firestore@7.11.3\\node_modules\\@google-cloud\\firestore\\build\\src\\telemetry\\enabled-trace-util.js:102:28)","timestamp":"2025-09-11T10:22:24.988Z"}
{"level":"info","message":"User registered successfully: onlinehassle1234@gmail.com","service":"secure-auth-api","timestamp":"2025-09-11T10:22:24.993Z"}
{"duration":2521,"ip":"::1","level":"info","message":"Request completed","method":"POST","service":"secure-auth-api","statusCode":201,"timestamp":"2025-09-11T10:22:24.997Z","url":"/register","userAgent":"Mozilla/5.0 (Windows NT 10.0; Win64; x64) AppleWebKit/537.36 (KHTML, like Gecko) Chrome/139.0.0.0 Safari/537.36"}
{"level":"info","message":"Connected to Redis","service":"secure-auth-api","timestamp":"2025-09-11T10:24:06.205Z"}
{"level":"info","message":"Database connection established","service":"secure-auth-api","timestamp":"2025-09-11T10:24:08.535Z"}
{"level":"info","message":"Default roles initialized","service":"secure-auth-api","timestamp":"2025-09-11T10:24:11.147Z"}
{"level":"info","message":"Server running on port 3001","service":"secure-auth-api","timestamp":"2025-09-11T10:24:11.170Z"}
{"level":"info","message":"API version: v1","service":"secure-auth-api","timestamp":"2025-09-11T10:24:11.172Z"}
{"level":"info","message":"Environment: development","service":"secure-auth-api","timestamp":"2025-09-11T10:24:11.173Z"}
{"level":"info","message":"Connected to Redis","service":"secure-auth-api","timestamp":"2025-09-11T10:24:20.293Z"}
{"level":"info","message":"Database connection established","service":"secure-auth-api","timestamp":"2025-09-11T10:24:23.123Z"}
{"level":"info","message":"Default roles initialized","service":"secure-auth-api","timestamp":"2025-09-11T10:24:25.697Z"}
{"level":"info","message":"Server running on port 3001","service":"secure-auth-api","timestamp":"2025-09-11T10:24:25.717Z"}
{"level":"info","message":"API version: v1","service":"secure-auth-api","timestamp":"2025-09-11T10:24:25.718Z"}
{"level":"info","message":"Environment: development","service":"secure-auth-api","timestamp":"2025-09-11T10:24:25.720Z"}
{"duration":391,"ip":"::1","level":"info","message":"Request completed","method":"GET","service":"secure-auth-api","statusCode":200,"timestamp":"2025-09-11T10:26:06.084Z","url":"/sessions","userAgent":"Mozilla/5.0 (Windows NT 10.0; Win64; x64) AppleWebKit/537.36 (KHTML, like Gecko) Chrome/139.0.0.0 Safari/537.36"}
